<?xml version="1.0" encoding="UTF-8"?>
<testsuite name="com.nouran.ApplicationTest" tests="1" skipped="0" failures="0" errors="0" timestamp="2026-05-05T13:13:14" hostname="ENG-NOURAN" time="0.539">
  <properties/>
  <testcase name="health endpoint should return UP" classname="com.nouran.ApplicationTest" time="0.539"/>
  <system-out><![CDATA[]]></system-out>
  <system-err><![CDATA[SLF4J: Failed to load class "org.slf4j.impl.StaticLoggerBinder".
SLF4J: Defaulting to no-operation (NOP) logger implementation
SLF4J: See http://www.slf4j.org/codes.html#StaticLoggerBinder for further details.
]]></system-err>
</testsuite>
